[2025-06-21 20:39:25.439] Starting scroll capture
[2025-06-21 20:39:30.988] Image comparison: Different pixels: 10013, Max allowed: 6784
[2025-06-21 20:39:30.997] Detected scroll region: X=0, Y=135, Width=1305, Height=889
[2025-06-21 20:39:32.972] Image comparison: Different pixels: 8843, Max allowed: 2320
[2025-06-21 20:39:34.941] Image comparison: Different pixels: 7648, Max allowed: 2320
[2025-06-21 20:39:36.920] Image comparison: Different pixels: 7073, Max allowed: 2320
[2025-06-21 20:39:38.886] Image comparison: Different pixels: 9066, Max allowed: 2320
[2025-06-21 20:39:40.852] Image comparison: Different pixels: 7134, Max allowed: 2320
[2025-06-21 20:39:42.809] Image comparison: Different pixels: 0, Max allowed: 2320
[2025-06-21 20:39:44.728] Optimal overlap: 204px, Adjusted: 204px (Score: 0.5153)
[2025-06-21 20:39:44.728] Overlap between images 0 and 1: 204px
[2025-06-21 20:39:46.641] Optimal overlap: 290px, Adjusted: 290px (Score: 0.7076)
[2025-06-21 20:39:46.642] Overlap between images 1 and 2: 290px
[2025-06-21 20:39:48.574] Optimal overlap: 288px, Adjusted: 288px (Score: 0.6581)
[2025-06-21 20:39:48.575] Overlap between images 2 and 3: 288px
[2025-06-21 20:39:50.501] Optimal overlap: 290px, Adjusted: 290px (Score: 0.6822)
[2025-06-21 20:39:50.501] Overlap between images 3 and 4: 290px
[2025-06-21 20:39:52.436] Optimal overlap: 288px, Adjusted: 288px (Score: 0.7397)
[2025-06-21 20:39:52.436] Overlap between images 4 and 5: 288px
[2025-06-21 20:39:54.358] Optimal overlap: 296px, Adjusted: 296px (Score: 0.5374)
[2025-06-21 20:39:54.359] Overlap between images 5 and 6: 296px
[2025-06-21 20:39:55.814] Final image height: 4567px
[2025-06-21 20:45:08.091] Starting scroll capture
[2025-06-21 20:45:14.477] Image comparison: Different pixels: 16651, Max allowed: 8480
[2025-06-21 20:45:14.487] Detected scroll region: X=0, Y=132, Width=1305, Height=892
[2025-06-21 20:45:16.495] Image comparison: Different pixels: 13902, Max allowed: 2910
[2025-06-21 20:45:18.497] Image comparison: Different pixels: 11545, Max allowed: 2910
[2025-06-21 20:45:20.484] Image comparison: Different pixels: 10481, Max allowed: 2910
[2025-06-21 20:45:22.483] Image comparison: Different pixels: 11419, Max allowed: 2910
[2025-06-21 20:45:24.468] Image comparison: Different pixels: 15161, Max allowed: 2910
[2025-06-21 20:45:26.467] Image comparison: Different pixels: 14775, Max allowed: 2910
[2025-06-21 20:45:28.447] Image comparison: Different pixels: 0, Max allowed: 2910
[2025-06-21 20:46:02.460] Optimal overlap: 446px, Adjusted: 446px (Score: 0.5326)
[2025-06-21 20:46:02.460] Overlap between images 0 and 1: 446px
[2025-06-21 20:46:36.509] Optimal overlap: 412px, Adjusted: 412px (Score: 0.8635)
[2025-06-21 20:46:36.509] Overlap between images 1 and 2: 412px
